This is pdfTeX, Version 3.141592653-2.6-1.40.22 (TeX Live 2021/nixos.org) (preloaded format=pdflatex 1980.1.1)  5 JUL 2022 12:27
entering extended mode
 restricted \write18 enabled.
 file:line:error style messages enabled.
 %&-line parsing enabled.
**cv_rpanades.tex
(./cv_rpanades.tex
LaTeX2e <2021-11-15> patch level 1
L3 programming layer <2022-02-24> (./moderncv.cls
Document Class: moderncv 2015/07/28 v2.0.0 modern curriculum vitae and letter d
ocument class

(/nix/store/2hkw0kvkzdkycldy0xyv46v300lnf4s8-texlive-combined-full-2021-final/s
hare/texmf/tex/latex/base/size11.clo
File: size11.clo 2021/10/04 v1.4n Standard LaTeX file (size option)
)
(/nix/store/2hkw0kvkzdkycldy0xyv46v300lnf4s8-texlive-combined-full-2021-final/s
hare/texmf/tex/latex/etoolbox/etoolbox.sty
Package: etoolbox 2020/10/05 v2.5k e-TeX tools for LaTeX (JAW)
\etb@tempcnta=\count185
)
(/nix/store/2hkw0kvkzdkycldy0xyv46v300lnf4s8-texlive-combined-full-2021-final/s
hare/texmf/tex/latex/base/ifthen.sty
Package: ifthen 2020/11/24 v1.1c Standard LaTeX ifthen package (DPC)
)
(/nix/store/2hkw0kvkzdkycldy0xyv46v300lnf4s8-texlive-combined-full-2021-final/s
hare/texmf/tex/latex/xcolor/xcolor.sty
Package: xcolor 2021/10/31 v2.13 LaTeX color extensions (UK)

(/nix/store/2hkw0kvkzdkycldy0xyv46v300lnf4s8-texlive-combined-full-2021-final/s
hare/texmf/tex/latex/graphics-cfg/color.cfg
File: color.cfg 2016/01/02 v1.6 sample color configuration
)
Package xcolor Info: Driver file: pdftex.def on input line 227.

(/nix/store/2hkw0kvkzdkycldy0xyv46v300lnf4s8-texlive-combined-full-2021-final/s
hare/texmf/tex/latex/graphics-def/pdftex.def
File: pdftex.def 2020/10/05 v1.2a Graphics/color driver for pdftex
)
(/nix/store/2hkw0kvkzdkycldy0xyv46v300lnf4s8-texlive-combined-full-2021-final/s
hare/texmf/tex/latex/colortbl/colortbl.sty
Package: colortbl 2020/01/04 v1.0e Color table columns (DPC)

(/nix/store/2hkw0kvkzdkycldy0xyv46v300lnf4s8-texlive-combined-full-2021-final/s
hare/texmf/tex/latex/tools/array.sty
Package: array 2021/10/04 v2.5f Tabular extension package (FMi)
\col@sep=\dimen138
\ar@mcellbox=\box50
\extrarowheight=\dimen139
\NC@list=\toks16
\extratabsurround=\skip47
\backup@length=\skip48
\ar@cellbox=\box51
)
\everycr=\toks17
\minrowclearance=\skip49
)
\rownum=\count186
Package xcolor Info: Model `cmy' substituted by `cmy0' on input line 1352.
Package xcolor Info: Model `hsb' substituted by `rgb' on input line 1356.
Package xcolor Info: Model `RGB' extended on input line 1368.
Package xcolor Info: Model `HTML' substituted by `rgb' on input line 1370.
Package xcolor Info: Model `Hsb' substituted by `hsb' on input line 1371.
Package xcolor Info: Model `tHsb' substituted by `hsb' on input line 1372.
Package xcolor Info: Model `HSB' substituted by `hsb' on input line 1373.
Package xcolor Info: Model `Gray' substituted by `gray' on input line 1374.
Package xcolor Info: Model `wave' substituted by `hsb' on input line 1375.
)
(/nix/store/2hkw0kvkzdkycldy0xyv46v300lnf4s8-texlive-combined-full-2021-final/s
hare/texmf/tex/generic/iftex/ifxetex.sty
Package: ifxetex 2019/10/25 v0.7 ifxetex legacy package. Use iftex instead.

(/nix/store/2hkw0kvkzdkycldy0xyv46v300lnf4s8-texlive-combined-full-2021-final/s
hare/texmf/tex/generic/iftex/iftex.sty
Package: iftex 2022/02/03 v1.0f TeX engine tests
))
(/nix/store/2hkw0kvkzdkycldy0xyv46v300lnf4s8-texlive-combined-full-2021-final/s
hare/texmf/tex/generic/iftex/ifluatex.sty
Package: ifluatex 2019/10/25 v1.5 ifluatex legacy package. Use iftex instead.
)
(/nix/store/2hkw0kvkzdkycldy0xyv46v300lnf4s8-texlive-combined-full-2021-final/s
hare/texmf/tex/latex/base/fontenc.sty
Package: fontenc 2021/04/29 v2.0v Standard LaTeX package
)
(/nix/store/2hkw0kvkzdkycldy0xyv46v300lnf4s8-texlive-combined-full-2021-final/s
hare/texmf/tex/latex/lm/lmodern.sty
Package: lmodern 2015/05/01 v1.6.1 Latin Modern Fonts
LaTeX Font Info:    Overwriting symbol font `operators' in version `normal'
(Font)                  OT1/cmr/m/n --> OT1/lmr/m/n on input line 22.
LaTeX Font Info:    Overwriting symbol font `letters' in version `normal'
(Font)                  OML/cmm/m/it --> OML/lmm/m/it on input line 23.
LaTeX Font Info:    Overwriting symbol font `symbols' in version `normal'
(Font)                  OMS/cmsy/m/n --> OMS/lmsy/m/n on input line 24.
LaTeX Font Info:    Overwriting symbol font `largesymbols' in version `normal'
(Font)                  OMX/cmex/m/n --> OMX/lmex/m/n on input line 25.
LaTeX Font Info:    Overwriting symbol font `operators' in version `bold'
(Font)                  OT1/cmr/bx/n --> OT1/lmr/bx/n on input line 26.
LaTeX Font Info:    Overwriting symbol font `letters' in version `bold'
(Font)                  OML/cmm/b/it --> OML/lmm/b/it on input line 27.
LaTeX Font Info:    Overwriting symbol font `symbols' in version `bold'
(Font)                  OMS/cmsy/b/n --> OMS/lmsy/b/n on input line 28.
LaTeX Font Info:    Overwriting symbol font `largesymbols' in version `bold'
(Font)                  OMX/cmex/m/n --> OMX/lmex/m/n on input line 29.
LaTeX Font Info:    Overwriting math alphabet `\mathbf' in version `normal'
(Font)                  OT1/cmr/bx/n --> OT1/lmr/bx/n on input line 31.
LaTeX Font Info:    Overwriting math alphabet `\mathsf' in version `normal'
(Font)                  OT1/cmss/m/n --> OT1/lmss/m/n on input line 32.
LaTeX Font Info:    Overwriting math alphabet `\mathit' in version `normal'
(Font)                  OT1/cmr/m/it --> OT1/lmr/m/it on input line 33.
LaTeX Font Info:    Overwriting math alphabet `\mathtt' in version `normal'
(Font)                  OT1/cmtt/m/n --> OT1/lmtt/m/n on input line 34.
LaTeX Font Info:    Overwriting math alphabet `\mathbf' in version `bold'
(Font)                  OT1/cmr/bx/n --> OT1/lmr/bx/n on input line 35.
LaTeX Font Info:    Overwriting math alphabet `\mathsf' in version `bold'
(Font)                  OT1/cmss/bx/n --> OT1/lmss/bx/n on input line 36.
LaTeX Font Info:    Overwriting math alphabet `\mathit' in version `bold'
(Font)                  OT1/cmr/bx/it --> OT1/lmr/bx/it on input line 37.
LaTeX Font Info:    Overwriting math alphabet `\mathtt' in version `bold'
(Font)                  OT1/cmtt/m/n --> OT1/lmtt/m/n on input line 38.
)
(/nix/store/2hkw0kvkzdkycldy0xyv46v300lnf4s8-texlive-combined-full-2021-final/s
hare/texmf/tex/latex/url/url.sty
\Urlmuskip=\muskip16
Package: url 2013/09/16  ver 3.4  Verb mode for urls, etc.
)
(/nix/store/2hkw0kvkzdkycldy0xyv46v300lnf4s8-texlive-combined-full-2021-final/s
hare/texmf/tex/latex/graphics/graphicx.sty
Package: graphicx 2021/09/16 v1.2d Enhanced LaTeX Graphics (DPC,SPQR)

(/nix/store/2hkw0kvkzdkycldy0xyv46v300lnf4s8-texlive-combined-full-2021-final/s
hare/texmf/tex/latex/graphics/keyval.sty
Package: keyval 2014/10/28 v1.15 key=value parser (DPC)
\KV@toks@=\toks18
)
(/nix/store/2hkw0kvkzdkycldy0xyv46v300lnf4s8-texlive-combined-full-2021-final/s
hare/texmf/tex/latex/graphics/graphics.sty
Package: graphics 2021/03/04 v1.4d Standard LaTeX Graphics (DPC,SPQR)

(/nix/store/2hkw0kvkzdkycldy0xyv46v300lnf4s8-texlive-combined-full-2021-final/s
hare/texmf/tex/latex/graphics/trig.sty
Package: trig 2021/08/11 v1.11 sin cos tan (DPC)
)
(/nix/store/2hkw0kvkzdkycldy0xyv46v300lnf4s8-texlive-combined-full-2021-final/s
hare/texmf/tex/latex/graphics-cfg/graphics.cfg
File: graphics.cfg 2016/06/04 v1.11 sample graphics configuration
)
Package graphics Info: Driver file: pdftex.def on input line 107.
)
\Gin@req@height=\dimen140
\Gin@req@width=\dimen141
)
(/nix/store/2hkw0kvkzdkycldy0xyv46v300lnf4s8-texlive-combined-full-2021-final/s
hare/texmf/tex/latex/fancyhdr/fancyhdr.sty
Package: fancyhdr 2021/01/28 v4.0.1 Extensive control of page headers and foote
rs
\f@nch@headwidth=\skip50
\f@nch@O@elh=\skip51
\f@nch@O@erh=\skip52
\f@nch@O@olh=\skip53
\f@nch@O@orh=\skip54
\f@nch@O@elf=\skip55
\f@nch@O@erf=\skip56
\f@nch@O@olf=\skip57
\f@nch@O@orf=\skip58
) (./tweaklist.sty)
(/nix/store/2hkw0kvkzdkycldy0xyv46v300lnf4s8-texlive-combined-full-2021-final/s
hare/texmf/tex/latex/tools/calc.sty
Package: calc 2017/05/25 v4.3 Infix arithmetic (KKT,FJ)
\calc@Acount=\count187
\calc@Bcount=\count188
\calc@Adimen=\dimen142
\calc@Bdimen=\dimen143
\calc@Askip=\skip59
\calc@Bskip=\skip60
LaTeX Info: Redefining \setlength on input line 80.
LaTeX Info: Redefining \addtolength on input line 81.
\calc@Ccount=\count189
\calc@Cskip=\skip61
)
(/nix/store/2hkw0kvkzdkycldy0xyv46v300lnf4s8-texlive-combined-full-2021-final/s
hare/texmf/tex/latex/l3packages/xparse/xparse.sty
(/nix/store/2hkw0kvkzdkycldy0xyv46v300lnf4s8-texlive-combined-full-2021-final/s
hare/texmf/tex/latex/l3kernel/expl3.sty
Package: expl3 2022-02-24 L3 programming layer (loader) 

(/nix/store/2hkw0kvkzdkycldy0xyv46v300lnf4s8-texlive-combined-full-2021-final/s
hare/texmf/tex/latex/l3backend/l3backend-pdftex.def
File: l3backend-pdftex.def 2022-02-07 L3 backend support: PDF output (pdfTeX)
\l__color_backend_stack_int=\count190
\l__pdf_internal_box=\box52
))
Package: xparse 2022-01-12 L3 Experimental document command parser
)
(/nix/store/2hkw0kvkzdkycldy0xyv46v300lnf4s8-texlive-combined-full-2021-final/s
hare/texmf/tex/latex/microtype/microtype.sty
Package: microtype 2022/03/14 v3.0d Micro-typographical refinements (RS)
\MT@toks=\toks19
\MT@tempbox=\box53
\MT@count=\count191
LaTeX Info: Redefining \noprotrusionifhmode on input line 1027.
LaTeX Info: Redefining \leftprotrusion on input line 1028.
LaTeX Info: Redefining \rightprotrusion on input line 1036.
LaTeX Info: Redefining \textls on input line 1195.
\MT@outer@kern=\dimen144
LaTeX Info: Redefining \textmicrotypecontext on input line 1781.
\MT@listname@count=\count192

(/nix/store/2hkw0kvkzdkycldy0xyv46v300lnf4s8-texlive-combined-full-2021-final/s
hare/texmf/tex/latex/microtype/microtype-pdftex.def
File: microtype-pdftex.def 2022/03/14 v3.0d Definitions specific to pdftex (RS)

LaTeX Info: Redefining \lsstyle on input line 900.
LaTeX Info: Redefining \lslig on input line 900.
\MT@outer@space=\skip62
)
Package microtype Info: Loading configuration file microtype.cfg.

(/nix/store/2hkw0kvkzdkycldy0xyv46v300lnf4s8-texlive-combined-full-2021-final/s
hare/texmf/tex/latex/microtype/microtype.cfg
File: microtype.cfg 2022/03/14 v3.0d microtype main configuration file (RS)
)) (./moderncvcollection.sty
Package: moderncvcollection 2015/07/28 v2.0.0 moderncv collections
\c@collection@iterator=\count193
)
(./moderncvcompatibility.sty
Package: moderncvcompatibility 2015/07/28 v2.0.0 modern curriculum vitae and le
tter compatibility patches
)
\c@collection@phones@count=\count194
\c@collection@socials@count=\count195
\c@cvcolumnscounter=\count196
\c@cvcolumnsautowidthcounter=\count197
\c@tmpiteratorcounter=\count198
\cvcolumnsdummywidth=\skip63
\cvcolumnswidth=\skip64
\cvcolumnsautowidth=\skip65
\cvcolumnautowidth=\skip66
\bibindent=\skip67
) (./moderncvstylecasual.sty
Package: moderncvstylecasual 2015/07/28 v2.0.0 modern curriculum vitae and lett
er style scheme: casual

(./moderncviconsawesome.sty
Package: moderncviconsawesome 2015/07/28 v2.0.0 modern curriculum vitae and let
ter icons: awesome

(/nix/store/2hkw0kvkzdkycldy0xyv46v300lnf4s8-texlive-combined-full-2021-final/s
hare/texmf/tex/latex/fontawesome/fontawesome.sty
Package: fontawesome 2016/05/15 v4.6.3.1 font awesome icons

(/nix/store/2hkw0kvkzdkycldy0xyv46v300lnf4s8-texlive-combined-full-2021-final/s
hare/texmf/tex/latex/fontawesome/fontawesomesymbols-generic.tex)
(/nix/store/2hkw0kvkzdkycldy0xyv46v300lnf4s8-texlive-combined-full-2021-final/s
hare/texmf/tex/latex/fontawesome/fontawesomesymbols-pdftex.tex)))
(./moderncvheadii.sty
Package: moderncvheadii 2015/07/28 v2.0.0 modern curriculum vitae and letter he
ader variant: 2
\makeheaddetailsbox=\box54
\makeheaddetailstempbox=\box55
\makeheaddetailswidth=\skip68
\makeheaddetailsboxwidth=\skip69
\quotewidth=\skip70
) (./moderncvbodyi.sty
Package: moderncvbodyi 2015/07/28 v2.0.0 modern curriculum vitae and letter bod
y variant: 1
\hintscolumnwidth=\skip71
\separatorcolumnwidth=\skip72
\maincolumnwidth=\skip73
\doubleitemcolumnwidth=\skip74
\listitemsymbolwidth=\skip75
LaTeX Font Info:    Trying to load font information for U+fontawesometwo on inp
ut line 46.

(/nix/store/2hkw0kvkzdkycldy0xyv46v300lnf4s8-texlive-combined-full-2021-final/s
hare/texmf/tex/latex/fontawesome/ufontawesometwo.fd
File: ufontawesometwo.fd 2016/05/22 Font definitions for U/fontawesometwo.
)
\listitemcolumnwidth=\skip76
\listdoubleitemcolumnwidth=\skip77
\baseletterheight=\skip78
\cvitemwithcommentbox=\box56
\cvitemwithcommentskilllength=\skip79
\cvitemwithcommentcommentlength=\skip80
) (./moderncvfooti.sty
Package: moderncvfooti 2015/07/28 v2.0.0 modern curriculum vitae and letter foo
ter variant: 1
\footwidth=\skip81
\footbox=\box57
\foottempbox=\box58
\footboxwidth=\skip82
))
(./moderncvcolorblue.sty
Package: moderncvcolorblue 2015/07/28 v2.0.0 modern curriculum vitae and letter
 color scheme: blue
)
(/nix/store/2hkw0kvkzdkycldy0xyv46v300lnf4s8-texlive-combined-full-2021-final/s
hare/texmf/tex/latex/lipsum/lipsum.sty
(/nix/store/2hkw0kvkzdkycldy0xyv46v300lnf4s8-texlive-combined-full-2021-final/s
hare/texmf/tex/latex/l3packages/l3keys2e/l3keys2e.sty
Package: l3keys2e 2022-01-12 LaTeX2e option processing using LaTeX3 keys
)
Package: lipsum 2021-09-20 v2.7 150 paragraphs of Lorem Ipsum dummy text
\g__lipsum_par_int=\count199
\l__lipsum_a_int=\count266
\l__lipsum_b_int=\count267

(/nix/store/2hkw0kvkzdkycldy0xyv46v300lnf4s8-texlive-combined-full-2021-final/s
hare/texmf/tex/latex/lipsum/lipsum.ltd.tex))
(/nix/store/2hkw0kvkzdkycldy0xyv46v300lnf4s8-texlive-combined-full-2021-final/s
hare/texmf/tex/latex/base/inputenc.sty
Package: inputenc 2021/02/14 v1.3d Input encoding file
\inpenc@prehook=\toks20
\inpenc@posthook=\toks21
)
(/nix/store/2hkw0kvkzdkycldy0xyv46v300lnf4s8-texlive-combined-full-2021-final/s
hare/texmf/tex/latex/geometry/geometry.sty
Package: geometry 2020/01/02 v5.9 Page Geometry

(/nix/store/2hkw0kvkzdkycldy0xyv46v300lnf4s8-texlive-combined-full-2021-final/s
hare/texmf/tex/generic/iftex/ifvtex.sty
Package: ifvtex 2019/10/25 v1.7 ifvtex legacy package. Use iftex instead.
)
\Gm@cnth=\count268
\Gm@cntv=\count269
\c@Gm@tempcnt=\count270
\Gm@bindingoffset=\dimen145
\Gm@wd@mp=\dimen146
\Gm@odd@mp=\dimen147
\Gm@even@mp=\dimen148
\Gm@layoutwidth=\dimen149
\Gm@layoutheight=\dimen150
\Gm@layouthoffset=\dimen151
\Gm@layoutvoffset=\dimen152
\Gm@dimlist=\toks22
)
(/nix/store/2hkw0kvkzdkycldy0xyv46v300lnf4s8-texlive-combined-full-2021-final/s
hare/texmf/tex/latex/ragged2e/ragged2e.sty
Package: ragged2e 2021/12/15 v3.1 ragged2e Package
\CenteringLeftskip=\skip83
\RaggedLeftLeftskip=\skip84
\RaggedRightLeftskip=\skip85
\CenteringRightskip=\skip86
\RaggedLeftRightskip=\skip87
\RaggedRightRightskip=\skip88
\CenteringParfillskip=\skip89
\RaggedLeftParfillskip=\skip90
\RaggedRightParfillskip=\skip91
\JustifyingParfillskip=\skip92
\CenteringParindent=\skip93
\RaggedLeftParindent=\skip94
\RaggedRightParindent=\skip95
\JustifyingParindent=\skip96
)
(/nix/store/2hkw0kvkzdkycldy0xyv46v300lnf4s8-texlive-combined-full-2021-final/s
hare/texmf/tex/latex/mhchem/mhchem.sty
Package: mhchem 2021/12/31 v4.09 for typesetting chemical formulae

(/nix/store/2hkw0kvkzdkycldy0xyv46v300lnf4s8-texlive-combined-full-2021-final/s
hare/texmf/tex/latex/amsmath/amsmath.sty
Package: amsmath 2021/10/15 v2.17l AMS math features
\@mathmargin=\skip97

For additional information on amsmath, use the `?' option.

(/nix/store/2hkw0kvkzdkycldy0xyv46v300lnf4s8-texlive-combined-full-2021-final/s
hare/texmf/tex/latex/amsmath/amstext.sty
Package: amstext 2021/08/26 v2.01 AMS text

(/nix/store/2hkw0kvkzdkycldy0xyv46v300lnf4s8-texlive-combined-full-2021-final/s
hare/texmf/tex/latex/amsmath/amsgen.sty
File: amsgen.sty 1999/11/30 v2.0 generic functions
\@emptytoks=\toks23
\ex@=\dimen153
))
(/nix/store/2hkw0kvkzdkycldy0xyv46v300lnf4s8-texlive-combined-full-2021-final/s
hare/texmf/tex/latex/amsmath/amsbsy.sty
Package: amsbsy 1999/11/29 v1.2d Bold Symbols
\pmbraise@=\dimen154
)
(/nix/store/2hkw0kvkzdkycldy0xyv46v300lnf4s8-texlive-combined-full-2021-final/s
hare/texmf/tex/latex/amsmath/amsopn.sty
Package: amsopn 2021/08/26 v2.02 operator names
)
\inf@bad=\count271
LaTeX Info: Redefining \frac on input line 234.
\uproot@=\count272
\leftroot@=\count273
LaTeX Info: Redefining \overline on input line 399.
\classnum@=\count274
\DOTSCASE@=\count275
LaTeX Info: Redefining \ldots on input line 496.
LaTeX Info: Redefining \dots on input line 499.
LaTeX Info: Redefining \cdots on input line 620.
\Mathstrutbox@=\box59
\strutbox@=\box60
\big@size=\dimen155
LaTeX Font Info:    Redeclaring font encoding OML on input line 743.
LaTeX Font Info:    Redeclaring font encoding OMS on input line 744.
\macc@depth=\count276
\c@MaxMatrixCols=\count277
\dotsspace@=\muskip17
\c@parentequation=\count278
\dspbrk@lvl=\count279
\tag@help=\toks24
\row@=\count280
\column@=\count281
\maxfields@=\count282
\andhelp@=\toks25
\eqnshift@=\dimen156
\alignsep@=\dimen157
\tagshift@=\dimen158
\tagwidth@=\dimen159
\totwidth@=\dimen160
\lineht@=\dimen161
\@envbody=\toks26
\multlinegap=\skip98
\multlinetaggap=\skip99
\mathdisplay@stack=\toks27
LaTeX Info: Redefining \[ on input line 2938.
LaTeX Info: Redefining \] on input line 2939.
)
(/nix/store/2hkw0kvkzdkycldy0xyv46v300lnf4s8-texlive-combined-full-2021-final/s
hare/texmf/tex/latex/chemgreek/chemgreek.sty
Package: chemgreek 2020/01/16 v1.1a interface for upright Greek letters for use
 in chemistry (CN)
\l__chemgreek_tmpa_int=\count283
\g__chemgreek_tmpa_int=\count284
)
\l__mhchem_ce_distanceFromLastComma_int=\count285
\__mhchem_arrow_extPgfLength_skip=\skip100
\mhchem@minispace@tmp=\skip101
\mhchem@minibackspace@tmp=\skip102
\mhchem@bondwidth=\skip103
\mhchem@bondheight=\skip104
\mhchem@smallbondwidth@tmpA=\skip105
\mhchem@smallbondwidth@tmpB=\skip106
\mhchem@smallbondwidth=\skip107
\mhchem@bondtmp@minussidebearingleft=\skip108
\mhchem@bondtmp@minussidebearingright=\skip109
\l__mhchem_option_version_int=\count286
\mhchem@option@minusmathsidebearingleft=\dimen162
\mhchem@option@minusmathsidebearingright=\dimen163
\mhchem@option@minustextsidebearingleft=\dimen164
\mhchem@option@minustextsidebearingright=\dimen165


Package mhchem Warning: You did not specify a 'version' option for the mhchem
(mhchem)                package. Please write \usepackage[version=4]{mhchem}
(mhchem)                in your preamble (or any lower number for
(mhchem)                compatibility mode), because you might get slightly
(mhchem)                different output with the same input in future versions
.

)
(/nix/store/2hkw0kvkzdkycldy0xyv46v300lnf4s8-texlive-combined-full-2021-final/s
hare/texmf/tex/latex/natbib/natbib.sty
Package: natbib 2010/09/13 8.31b (PWD, AO)
\bibhang=\skip110
\bibsep=\skip111
LaTeX Info: Redefining \cite on input line 694.
\c@NAT@ctr=\count287
)
(/nix/store/2hkw0kvkzdkycldy0xyv46v300lnf4s8-texlive-combined-full-2021-final/s
hare/texmf/tex/latex/hyperref/hyperref.sty
Package: hyperref 2022-02-21 v7.00n Hypertext links for LaTeX

(/nix/store/2hkw0kvkzdkycldy0xyv46v300lnf4s8-texlive-combined-full-2021-final/s
hare/texmf/tex/generic/ltxcmds/ltxcmds.sty
Package: ltxcmds 2020-05-10 v1.25 LaTeX kernel commands for general use (HO)
)
(/nix/store/2hkw0kvkzdkycldy0xyv46v300lnf4s8-texlive-combined-full-2021-final/s
hare/texmf/tex/generic/pdftexcmds/pdftexcmds.sty
Package: pdftexcmds 2020-06-27 v0.33 Utility functions of pdfTeX for LuaTeX (HO
)

(/nix/store/2hkw0kvkzdkycldy0xyv46v300lnf4s8-texlive-combined-full-2021-final/s
hare/texmf/tex/generic/infwarerr/infwarerr.sty
Package: infwarerr 2019/12/03 v1.5 Providing info/warning/error messages (HO)
)
Package pdftexcmds Info: \pdf@primitive is available.
Package pdftexcmds Info: \pdf@ifprimitive is available.
Package pdftexcmds Info: \pdfdraftmode found.
)
(/nix/store/2hkw0kvkzdkycldy0xyv46v300lnf4s8-texlive-combined-full-2021-final/s
hare/texmf/tex/generic/kvsetkeys/kvsetkeys.sty
Package: kvsetkeys 2019/12/15 v1.18 Key value parser (HO)
)
(/nix/store/2hkw0kvkzdkycldy0xyv46v300lnf4s8-texlive-combined-full-2021-final/s
hare/texmf/tex/generic/kvdefinekeys/kvdefinekeys.sty
Package: kvdefinekeys 2019-12-19 v1.6 Define keys (HO)
)
(/nix/store/2hkw0kvkzdkycldy0xyv46v300lnf4s8-texlive-combined-full-2021-final/s
hare/texmf/tex/generic/pdfescape/pdfescape.sty
Package: pdfescape 2019/12/09 v1.15 Implements pdfTeX's escape features (HO)
)
(/nix/store/2hkw0kvkzdkycldy0xyv46v300lnf4s8-texlive-combined-full-2021-final/s
hare/texmf/tex/latex/hycolor/hycolor.sty
Package: hycolor 2020-01-27 v1.10 Color options for hyperref/bookmark (HO)
)
(/nix/store/2hkw0kvkzdkycldy0xyv46v300lnf4s8-texlive-combined-full-2021-final/s
hare/texmf/tex/latex/letltxmacro/letltxmacro.sty
Package: letltxmacro 2019/12/03 v1.6 Let assignment for LaTeX macros (HO)
)
(/nix/store/2hkw0kvkzdkycldy0xyv46v300lnf4s8-texlive-combined-full-2021-final/s
hare/texmf/tex/latex/auxhook/auxhook.sty
Package: auxhook 2019-12-17 v1.6 Hooks for auxiliary files (HO)
)
(/nix/store/2hkw0kvkzdkycldy0xyv46v300lnf4s8-texlive-combined-full-2021-final/s
hare/texmf/tex/latex/kvoptions/kvoptions.sty
Package: kvoptions 2020-10-07 v3.14 Key value format for package options (HO)
)
\@linkdim=\dimen166
\Hy@linkcounter=\count288
\Hy@pagecounter=\count289

(/nix/store/2hkw0kvkzdkycldy0xyv46v300lnf4s8-texlive-combined-full-2021-final/s
hare/texmf/tex/latex/hyperref/pd1enc.def
File: pd1enc.def 2022-02-21 v7.00n Hyperref: PDFDocEncoding definition (HO)
Now handling font encoding PD1 ...
... no UTF-8 mapping file for font encoding PD1
)
(/nix/store/2hkw0kvkzdkycldy0xyv46v300lnf4s8-texlive-combined-full-2021-final/s
hare/texmf/tex/generic/intcalc/intcalc.sty
Package: intcalc 2019/12/15 v1.3 Expandable calculations with integers (HO)
)
(/nix/store/2hkw0kvkzdkycldy0xyv46v300lnf4s8-texlive-combined-full-2021-final/s
hare/texmf/tex/generic/etexcmds/etexcmds.sty
Package: etexcmds 2019/12/15 v1.7 Avoid name clashes with e-TeX commands (HO)
)
\Hy@SavedSpaceFactor=\count290

(/nix/store/2hkw0kvkzdkycldy0xyv46v300lnf4s8-texlive-combined-full-2021-final/s
hare/texmf/tex/latex/hyperref/puenc.def
File: puenc.def 2022-02-21 v7.00n Hyperref: PDF Unicode definition (HO)
Now handling font encoding PU ...
... no UTF-8 mapping file for font encoding PU
)
Package hyperref Info: Option `unicode' set `true' on input line 4018.
Package hyperref Info: Hyper figures OFF on input line 4137.
Package hyperref Info: Link nesting OFF on input line 4142.
Package hyperref Info: Hyper index ON on input line 4145.
Package hyperref Info: Plain pages OFF on input line 4152.
Package hyperref Info: Backreferencing OFF on input line 4157.
Package hyperref Info: Implicit mode ON; LaTeX internals redefined.
Package hyperref Info: Bookmarks ON on input line 4390.
\c@Hy@tempcnt=\count291
LaTeX Info: Redefining \url on input line 4749.
\XeTeXLinkMargin=\dimen167

(/nix/store/2hkw0kvkzdkycldy0xyv46v300lnf4s8-texlive-combined-full-2021-final/s
hare/texmf/tex/generic/bitset/bitset.sty
Package: bitset 2019/12/09 v1.3 Handle bit-vector datatype (HO)

(/nix/store/2hkw0kvkzdkycldy0xyv46v300lnf4s8-texlive-combined-full-2021-final/s
hare/texmf/tex/generic/bigintcalc/bigintcalc.sty
Package: bigintcalc 2019/12/15 v1.5 Expandable calculations on big integers (HO
)
))
\Fld@menulength=\count292
\Field@Width=\dimen168
\Fld@charsize=\dimen169
Package hyperref Info: Hyper figures OFF on input line 6027.
Package hyperref Info: Link nesting OFF on input line 6032.
Package hyperref Info: Hyper index ON on input line 6035.
Package hyperref Info: backreferencing OFF on input line 6042.
Package hyperref Info: Link coloring OFF on input line 6047.
Package hyperref Info: Link coloring with OCG OFF on input line 6052.
Package hyperref Info: PDF/A mode OFF on input line 6057.
LaTeX Info: Redefining \ref on input line 6097.
LaTeX Info: Redefining \pageref on input line 6101.

(/nix/store/2hkw0kvkzdkycldy0xyv46v300lnf4s8-texlive-combined-full-2021-final/s
hare/texmf/tex/latex/base/atbegshi-ltx.sty
Package: atbegshi-ltx 2021/01/10 v1.0c Emulation of the original atbegshi
package with kernel methods
)
\Hy@abspage=\count293
\c@Item=\count294
\c@Hfootnote=\count295
)
Package hyperref Info: Driver (autodetected): hpdftex.

(/nix/store/2hkw0kvkzdkycldy0xyv46v300lnf4s8-texlive-combined-full-2021-final/s
hare/texmf/tex/latex/hyperref/hpdftex.def
File: hpdftex.def 2022-02-21 v7.00n Hyperref driver for pdfTeX

(/nix/store/2hkw0kvkzdkycldy0xyv46v300lnf4s8-texlive-combined-full-2021-final/s
hare/texmf/tex/latex/base/atveryend-ltx.sty
Package: atveryend-ltx 2020/08/19 v1.0a Emulation of the original atveryend pac
kage
with kernel methods
)
\Fld@listcount=\count296
\c@bookmark@seq@number=\count297

(/nix/store/2hkw0kvkzdkycldy0xyv46v300lnf4s8-texlive-combined-full-2021-final/s
hare/texmf/tex/latex/rerunfilecheck/rerunfilecheck.sty
Package: rerunfilecheck 2019/12/05 v1.9 Rerun checks for auxiliary files (HO)

(/nix/store/2hkw0kvkzdkycldy0xyv46v300lnf4s8-texlive-combined-full-2021-final/s
hare/texmf/tex/generic/uniquecounter/uniquecounter.sty
Package: uniquecounter 2019/12/15 v1.4 Provide unlimited unique counter (HO)
)
Package uniquecounter Info: New unique counter `rerunfilecheck' on input line 2
86.
)
\Hy@SectionHShift=\skip112
)
Package hyperref Info: Option `breaklinks' set `true' on input line 92.
Package hyperref Info: Option `bookmarksopen' set `true' on input line 92.
LaTeX Font Info:    Trying to load font information for T1+lmr on input line 92
.

(/nix/store/2hkw0kvkzdkycldy0xyv46v300lnf4s8-texlive-combined-full-2021-final/s
hare/texmf/tex/latex/lm/t1lmr.fd
File: t1lmr.fd 2015/05/01 v1.6.1 Font defs for Latin Modern
) (./cv_rpanades.aux)
\openout1 = `cv_rpanades.aux'.

LaTeX Font Info:    Checking defaults for OML/cmm/m/it on input line 92.
LaTeX Font Info:    ... okay on input line 92.
LaTeX Font Info:    Checking defaults for OMS/cmsy/m/n on input line 92.
LaTeX Font Info:    ... okay on input line 92.
LaTeX Font Info:    Checking defaults for OT1/cmr/m/n on input line 92.
LaTeX Font Info:    ... okay on input line 92.
LaTeX Font Info:    Checking defaults for T1/cmr/m/n on input line 92.
LaTeX Font Info:    ... okay on input line 92.
LaTeX Font Info:    Checking defaults for TS1/cmr/m/n on input line 92.
LaTeX Font Info:    ... okay on input line 92.
LaTeX Font Info:    Checking defaults for OMX/cmex/m/n on input line 92.
LaTeX Font Info:    ... okay on input line 92.
LaTeX Font Info:    Checking defaults for U/cmr/m/n on input line 92.
LaTeX Font Info:    ... okay on input line 92.
LaTeX Font Info:    Checking defaults for PD1/pdf/m/n on input line 92.
LaTeX Font Info:    ... okay on input line 92.
LaTeX Font Info:    Checking defaults for PU/pdf/m/n on input line 92.
LaTeX Font Info:    ... okay on input line 92.
LaTeX Font Info:    Trying to load font information for T1+lmss on input line 9
2.

(/nix/store/2hkw0kvkzdkycldy0xyv46v300lnf4s8-texlive-combined-full-2021-final/s
hare/texmf/tex/latex/lm/t1lmss.fd
File: t1lmss.fd 2015/05/01 v1.6.1 Font defs for Latin Modern
)
(/nix/store/2hkw0kvkzdkycldy0xyv46v300lnf4s8-texlive-combined-full-2021-final/s
hare/texmf/tex/context/base/mkii/supp-pdf.mkii
[Loading MPS to PDF converter (version 2006.09.02).]
\scratchcounter=\count298
\scratchdimen=\dimen170
\scratchbox=\box61
\nofMPsegments=\count299
\nofMParguments=\count300
\everyMPshowfont=\toks28
\MPscratchCnt=\count301
\MPscratchDim=\dimen171
\MPnumerator=\count302
\makeMPintoPDFobject=\count303
\everyMPtoPDFconversion=\toks29
)
(/nix/store/2hkw0kvkzdkycldy0xyv46v300lnf4s8-texlive-combined-full-2021-final/s
hare/texmf/tex/latex/epstopdf-pkg/epstopdf-base.sty
Package: epstopdf-base 2020-01-24 v2.11 Base part for package epstopdf
Package epstopdf-base Info: Redefining graphics rule for `.eps' on input line 4
85.

(/nix/store/2hkw0kvkzdkycldy0xyv46v300lnf4s8-texlive-combined-full-2021-final/s
hare/texmf/tex/latex/latexconfig/epstopdf-sys.cfg
File: epstopdf-sys.cfg 2010/07/13 v1.3 Configuration of (r)epstopdf for TeX Liv
e
))
LaTeX Info: Redefining \microtypecontext on input line 92.
Package microtype Info: Applying patch `item' on input line 92.
Package microtype Info: Applying patch `toc' on input line 92.
Package microtype Info: Applying patch `eqnum' on input line 92.
Package microtype Info: Applying patch `footnote' on input line 92.
Package microtype Info: Generating PDF output.
Package microtype Info: Character protrusion enabled (level 2).
Package microtype Info: Using default protrusion set `alltext'.
Package microtype Info: Automatic font expansion enabled (level 2),
(microtype)             stretch: 20, shrink: 20, step: 1, non-selected.
Package microtype Info: Using default expansion set `alltext-nott'.
LaTeX Info: Redefining \showhyphens on input line 92.
Package microtype Info: No adjustment of tracking.
Package microtype Info: No adjustment of interword spacing.
Package microtype Info: No adjustment of character kerning.
Package microtype Info: Loading generic protrusion settings for font family
(microtype)             `lmss' (encoding: T1).
(microtype)             For optimal results, create family-specific settings.
(microtype)             See the microtype manual for details.

*geometry* driver: auto-detecting
*geometry* detected driver: pdftex
*geometry* verbose mode - [ preamble ] result:
* driver: pdftex
* paper: a4paper
* layout: <same size as paper>
* layoutoffset:(h,v)=(0.0pt,0.0pt)
* modes: 
* h-part:(L,W,R)=(59.74988pt, 478.00812pt, 59.74988pt)
* v-part:(T,H,B)=(67.60269pt, 676.04005pt, 101.4041pt)
* \paperwidth=597.50787pt
* \paperheight=845.04684pt
* \textwidth=478.00812pt
* \textheight=676.04005pt
* \oddsidemargin=-12.52011pt
* \evensidemargin=-12.52011pt
* \topmargin=-41.6673pt
* \headheight=12.0pt
* \headsep=25.0pt
* \topskip=11.0pt
* \footskip=30.0pt
* \marginparwidth=50.0pt
* \marginparsep=10.0pt
* \columnsep=10.0pt
* \skip\footins=10.0pt plus 4.0pt minus 2.0pt
* \hoffset=0.0pt
* \voffset=0.0pt
* \mag=1000
* \@twocolumnfalse
* \@twosidefalse
* \@mparswitchfalse
* \@reversemarginfalse
* (1in=72.27pt=25.4mm, 1cm=28.453pt)


Package chemgreek Info: Activating mapping `default' on line 92.

Package hyperref Info: Link coloring OFF on input line 92.

(/nix/store/2hkw0kvkzdkycldy0xyv46v300lnf4s8-texlive-combined-full-2021-final/s
hare/texmf/tex/latex/hyperref/nameref.sty
Package: nameref 2021-04-02 v2.47 Cross-referencing by name of section

(/nix/store/2hkw0kvkzdkycldy0xyv46v300lnf4s8-texlive-combined-full-2021-final/s
hare/texmf/tex/latex/refcount/refcount.sty
Package: refcount 2019/12/15 v3.6 Data extraction from label references (HO)
)
(/nix/store/2hkw0kvkzdkycldy0xyv46v300lnf4s8-texlive-combined-full-2021-final/s
hare/texmf/tex/generic/gettitlestring/gettitlestring.sty
Package: gettitlestring 2019/12/15 v1.6 Cleanup title references (HO)
)
\c@section@level=\count304
)
LaTeX Info: Redefining \ref on input line 92.
LaTeX Info: Redefining \pageref on input line 92.
LaTeX Info: Redefining \nameref on input line 92.
 (./cv_rpanades.out)
(./cv_rpanades.out)
\@outlinefile=\write3
\openout3 = `cv_rpanades.out'.

\pagenumberwidth=\skip113
LaTeX Font Info:    Font shape `T1/lmss/m/it' in size <10.95> not available
(Font)              Font shape `T1/lmss/m/sl' tried instead on input line 92.
\makecvheadpicturebox=\box62
<pictures/newlook_test_smaller.jpg, id=49, 164.5691pt x 195.54198pt>
File: pictures/newlook_test_smaller.jpg Graphic file (type jpg)
<use pictures/newlook_test_smaller.jpg>
Package pdftex.def Info: pictures/newlook_test_smaller.jpg  used on input line 
94.
(pdftex.def)             Requested size: 75.0pt x 89.11794pt.
\makecvheadpicturewidth=\skip114
\makecvheadnamebox=\box63

Underfull \hbox (badness 10000) in paragraph at lines 94--94

 []

LaTeX Font Info:    Trying to load font information for OT1+lmr on input line 1
02.

(/nix/store/2hkw0kvkzdkycldy0xyv46v300lnf4s8-texlive-combined-full-2021-final/s
hare/texmf/tex/latex/lm/ot1lmr.fd
File: ot1lmr.fd 2015/05/01 v1.6.1 Font defs for Latin Modern
)
(/nix/store/2hkw0kvkzdkycldy0xyv46v300lnf4s8-texlive-combined-full-2021-final/s
hare/texmf/tex/latex/microtype/mt-cmr.cfg
File: mt-cmr.cfg 2013/05/19 v2.2 microtype config. file: Computer Modern Roman 
(RS)
)
LaTeX Font Info:    Trying to load font information for OML+lmm on input line 1
02.

(/nix/store/2hkw0kvkzdkycldy0xyv46v300lnf4s8-texlive-combined-full-2021-final/s
hare/texmf/tex/latex/lm/omllmm.fd
File: omllmm.fd 2015/05/01 v1.6.1 Font defs for Latin Modern
)
LaTeX Font Info:    Trying to load font information for OMS+lmsy on input line 
102.

(/nix/store/2hkw0kvkzdkycldy0xyv46v300lnf4s8-texlive-combined-full-2021-final/s
hare/texmf/tex/latex/lm/omslmsy.fd
File: omslmsy.fd 2015/05/01 v1.6.1 Font defs for Latin Modern
)
LaTeX Font Info:    Trying to load font information for OMX+lmex on input line 
102.

(/nix/store/2hkw0kvkzdkycldy0xyv46v300lnf4s8-texlive-combined-full-2021-final/s
hare/texmf/tex/latex/lm/omxlmex.fd
File: omxlmex.fd 2015/05/01 v1.6.1 Font defs for Latin Modern
)
LaTeX Font Info:    External font `lmex10' loaded for size
(Font)              <10.95> on input line 102.
LaTeX Font Info:    External font `lmex10' loaded for size
(Font)              <8> on input line 102.
LaTeX Font Info:    External font `lmex10' loaded for size
(Font)              <6> on input line 102.


LaTeX Font Warning: Font shape `U/fontawesometwo/m/sl' undefined
(Font)              using `U/fontawesometwo/m/n' instead on input line 112.

LaTeX Font Info:    Trying to load font information for TS1+lmr on input line 1
12.

(/nix/store/2hkw0kvkzdkycldy0xyv46v300lnf4s8-texlive-combined-full-2021-final/s
hare/texmf/tex/latex/lm/ts1lmr.fd
File: ts1lmr.fd 2015/05/01 v1.6.1 Font defs for Latin Modern
)
<rgate.png, id=62, 96.36pt x 96.36pt>
File: rgate.png Graphic file (type png)
<use rgate.png>
Package pdftex.def Info: rgate.png  used on input line 112.
(pdftex.def)             Requested size: 10.19969pt x 10.2pt.
<google-scholar.pdf, id=65, 368.94818pt x 372.53287pt>
File: google-scholar.pdf Graphic file (type pdf)
<use google-scholar.pdf>
Package pdftex.def Info: google-scholar.pdf  used on input line 112.
(pdftex.def)             Requested size: 9.42409pt x 9.51996pt.
File: google-scholar.pdf Graphic file (type pdf)
<use google-scholar.pdf>
Package pdftex.def Info: google-scholar.pdf  used on input line 112.
(pdftex.def)             Requested size: 9.42409pt x 9.51996pt.
File: google-scholar.pdf Graphic file (type pdf)
<use google-scholar.pdf>
Package pdftex.def Info: google-scholar.pdf  used on input line 112.
(pdftex.def)             Requested size: 9.42409pt x 9.51996pt.
<stacko.png, id=69, 301.125pt x 301.125pt>
File: stacko.png Graphic file (type png)
<use stacko.png>
Package pdftex.def Info: stacko.png  used on input line 112.
(pdftex.def)             Requested size: 10.19583pt x 10.2pt.


Package fancyhdr Warning: \footskip is too small (30.0pt): 
(fancyhdr)                Make it at least 43.16006pt, for example:
(fancyhdr)                \setlength{\footskip}{43.16006pt}.

[1

{/nix/store/2hkw0kvkzdkycldy0xyv46v300lnf4s8-texlive-combined-full-2021-final/s
hare/texmf-var/fonts/map/pdftex/updmap/pdftex.map} <./pictures/newlook_test_sma
ller.jpg> <./rgate.png> <./google-scholar.pdf> <./stacko.png>]
LaTeX Font Info:    Font shape `T1/lmss/bx/it' in size <10.95> not available
(Font)              Font shape `T1/lmss/bx/sl' tried instead on input line 143.

File: rgate.png Graphic file (type png)
<use rgate.png>
Package pdftex.def Info: rgate.png  used on input line 147.
(pdftex.def)             Requested size: 10.19969pt x 10.2pt.
File: google-scholar.pdf Graphic file (type pdf)
<use google-scholar.pdf>
Package pdftex.def Info: google-scholar.pdf  used on input line 147.
(pdftex.def)             Requested size: 9.42409pt x 9.51996pt.
File: google-scholar.pdf Graphic file (type pdf)
<use google-scholar.pdf>
Package pdftex.def Info: google-scholar.pdf  used on input line 147.
(pdftex.def)             Requested size: 9.42409pt x 9.51996pt.
File: google-scholar.pdf Graphic file (type pdf)
<use google-scholar.pdf>
Package pdftex.def Info: google-scholar.pdf  used on input line 147.
(pdftex.def)             Requested size: 9.42409pt x 9.51996pt.
File: stacko.png Graphic file (type png)
<use stacko.png>
Package pdftex.def Info: stacko.png  used on input line 147.
(pdftex.def)             Requested size: 10.19583pt x 10.2pt.


Package fancyhdr Warning: \footskip is too small (30.0pt): 
(fancyhdr)                Make it at least 43.16006pt, for example:
(fancyhdr)                \setlength{\footskip}{43.16006pt}.

[2]
File: rgate.png Graphic file (type png)
<use rgate.png>
Package pdftex.def Info: rgate.png  used on input line 177.
(pdftex.def)             Requested size: 10.19969pt x 10.2pt.
File: google-scholar.pdf Graphic file (type pdf)
<use google-scholar.pdf>
Package pdftex.def Info: google-scholar.pdf  used on input line 177.
(pdftex.def)             Requested size: 9.42409pt x 9.51996pt.
File: google-scholar.pdf Graphic file (type pdf)
<use google-scholar.pdf>
Package pdftex.def Info: google-scholar.pdf  used on input line 177.
(pdftex.def)             Requested size: 9.42409pt x 9.51996pt.
File: google-scholar.pdf Graphic file (type pdf)
<use google-scholar.pdf>
Package pdftex.def Info: google-scholar.pdf  used on input line 177.
(pdftex.def)             Requested size: 9.42409pt x 9.51996pt.
File: stacko.png Graphic file (type png)
<use stacko.png>
Package pdftex.def Info: stacko.png  used on input line 177.
(pdftex.def)             Requested size: 10.19583pt x 10.2pt.


Package fancyhdr Warning: \footskip is too small (30.0pt): 
(fancyhdr)                Make it at least 43.16006pt, for example:
(fancyhdr)                \setlength{\footskip}{43.16006pt}.

[3]
LaTeX Font Info:    Font shape `T1/lmss/m/it' in size <10> not available
(Font)              Font shape `T1/lmss/m/sl' tried instead on input line 208.
File: rgate.png Graphic file (type png)
<use rgate.png>
Package pdftex.def Info: rgate.png  used on input line 320.
(pdftex.def)             Requested size: 10.19969pt x 10.2pt.
File: google-scholar.pdf Graphic file (type pdf)
<use google-scholar.pdf>
Package pdftex.def Info: google-scholar.pdf  used on input line 320.
(pdftex.def)             Requested size: 9.42409pt x 9.51996pt.
File: google-scholar.pdf Graphic file (type pdf)
<use google-scholar.pdf>
Package pdftex.def Info: google-scholar.pdf  used on input line 320.
(pdftex.def)             Requested size: 9.42409pt x 9.51996pt.
File: google-scholar.pdf Graphic file (type pdf)
<use google-scholar.pdf>
Package pdftex.def Info: google-scholar.pdf  used on input line 320.
(pdftex.def)             Requested size: 9.42409pt x 9.51996pt.
File: stacko.png Graphic file (type png)
<use stacko.png>
Package pdftex.def Info: stacko.png  used on input line 320.
(pdftex.def)             Requested size: 10.19583pt x 10.2pt.


Package fancyhdr Warning: \footskip is too small (30.0pt): 
(fancyhdr)                Make it at least 43.16006pt, for example:
(fancyhdr)                \setlength{\footskip}{43.16006pt}.

[4

] (./cv_rpanades.aux)

LaTeX Font Warning: Some font shapes were not available, defaults substituted.

Package rerunfilecheck Info: File `cv_rpanades.out' has not changed.
(rerunfilecheck)             Checksum: EA45CC325BA50D6660A223C52468D3DF;1724.
 ) 
Here is how much of TeX's memory you used:
 16551 strings out of 478278
 286512 string characters out of 5819600
 712218 words of memory out of 5000000
 34336 multiletter control sequences out of 15000+600000
 550589 words of font info for 134 fonts, out of 8000000 for 9000
 1141 hyphenation exceptions out of 8191
 70i,16n,77p,1680b,491s stack positions out of 5000i,500n,10000p,200000b,80000s
{/nix/store/2hkw0kvkzdkycldy0xyv46v300lnf4s8-texlive-combined-full-2021-final
/share/texmf/fonts/enc/dvips/lm/lm-ec.enc}{/nix/store/2hkw0kvkzdkycldy0xyv46v30
0lnf4s8-texlive-combined-full-2021-final/share/texmf/fonts/enc/dvips/lm/lm-rm.e
nc}{/nix/store/2hkw0kvkzdkycldy0xyv46v300lnf4s8-texlive-combined-full-2021-fina
l/share/texmf/fonts/enc/dvips/lm/lm-mathsy.enc}{/nix/store/2hkw0kvkzdkycldy0xyv
46v300lnf4s8-texlive-combined-full-2021-final/share/texmf/fonts/enc/dvips/lm/lm
-mathit.enc}{/nix/store/2hkw0kvkzdkycldy0xyv46v300lnf4s8-texlive-combined-full-
2021-final/share/texmf/fonts/enc/dvips/lm/lm-ts1.enc}{/nix/store/2hkw0kvkzdkycl
dy0xyv46v300lnf4s8-texlive-combined-full-2021-final/share/texmf/fonts/enc/dvips
/fontawesome/fontawesometwo.enc}</nix/store/2hkw0kvkzdkycldy0xyv46v300lnf4s8-te
xlive-combined-full-2021-final/share/texmf/fonts/type1/public/fontawesome/FontA
wesome.pfb></nix/store/2hkw0kvkzdkycldy0xyv46v300lnf4s8-texlive-combined-full-2
021-final/share/texmf/fonts/type1/public/lm/lmbx10.pfb></nix/store/2hkw0kvkzdky
cldy0xyv46v300lnf4s8-texlive-combined-full-2021-final/share/texmf/fonts/type1/p
ublic/lm/lmbx8.pfb></nix/store/2hkw0kvkzdkycldy0xyv46v300lnf4s8-texlive-combine
d-full-2021-final/share/texmf/fonts/type1/public/lm/lmmi10.pfb></nix/store/2hkw
0kvkzdkycldy0xyv46v300lnf4s8-texlive-combined-full-2021-final/share/texmf/fonts
/type1/public/lm/lmr10.pfb></nix/store/2hkw0kvkzdkycldy0xyv46v300lnf4s8-texlive
-combined-full-2021-final/share/texmf/fonts/type1/public/lm/lmr8.pfb></nix/stor
e/2hkw0kvkzdkycldy0xyv46v300lnf4s8-texlive-combined-full-2021-final/share/texmf
/fonts/type1/public/lm/lmro10.pfb></nix/store/2hkw0kvkzdkycldy0xyv46v300lnf4s8-
texlive-combined-full-2021-final/share/texmf/fonts/type1/public/lm/lmss10.pfb><
/nix/store/2hkw0kvkzdkycldy0xyv46v300lnf4s8-texlive-combined-full-2021-final/sh
are/texmf/fonts/type1/public/lm/lmss12.pfb></nix/store/2hkw0kvkzdkycldy0xyv46v3
00lnf4s8-texlive-combined-full-2021-final/share/texmf/fonts/type1/public/lm/lms
s17.pfb></nix/store/2hkw0kvkzdkycldy0xyv46v300lnf4s8-texlive-combined-full-2021
-final/share/texmf/fonts/type1/public/lm/lmss8.pfb></nix/store/2hkw0kvkzdkycldy
0xyv46v300lnf4s8-texlive-combined-full-2021-final/share/texmf/fonts/type1/publi
c/lm/lmssbo10.pfb></nix/store/2hkw0kvkzdkycldy0xyv46v300lnf4s8-texlive-combined
-full-2021-final/share/texmf/fonts/type1/public/lm/lmssbx10.pfb></nix/store/2hk
w0kvkzdkycldy0xyv46v300lnf4s8-texlive-combined-full-2021-final/share/texmf/font
s/type1/public/lm/lmsso10.pfb></nix/store/2hkw0kvkzdkycldy0xyv46v300lnf4s8-texl
ive-combined-full-2021-final/share/texmf/fonts/type1/public/lm/lmsso17.pfb></ni
x/store/2hkw0kvkzdkycldy0xyv46v300lnf4s8-texlive-combined-full-2021-final/share
/texmf/fonts/type1/public/lm/lmsy10.pfb>
Output written on cv_rpanades.pdf (4 pages, 689424 bytes).
PDF statistics:
 247 PDF objects out of 1000 (max. 8388607)
 193 compressed objects within 2 object streams
 16 named destinations out of 1000 (max. 500000)
 49261 words of extra memory for PDF output out of 51595 (max. 10000000)

